0 info it worked if it ends with ok
1 verbose cli [ '/Users/andrefurquim/.nvm/versions/node/v6.10.2/bin/node',
1 verbose cli   '/Users/andrefurquim/.nvm/versions/node/v6.10.2/bin/npm',
1 verbose cli   'run',
1 verbose cli   'lint' ]
2 info using npm@3.10.10
3 info using node@v6.10.2
4 verbose run-script [ 'prelint', 'lint', 'postlint' ]
5 info lifecycle test-driven-carousel@1.0.0~prelint: test-driven-carousel@1.0.0
6 silly lifecycle test-driven-carousel@1.0.0~prelint: no script for prelint, continuing
7 info lifecycle test-driven-carousel@1.0.0~lint: test-driven-carousel@1.0.0
8 verbose lifecycle test-driven-carousel@1.0.0~lint: unsafe-perm in lifecycle true
9 verbose lifecycle test-driven-carousel@1.0.0~lint: PATH: /Users/andrefurquim/.nvm/versions/node/v6.10.2/lib/node_modules/npm/bin/node-gyp-bin:/Users/andrefurquim/Desktop/React/test-driven-carousel/node_modules/.bin:/Users/andrefurquim/.rvm/gems/ruby-2.2.1/bin:/Users/andrefurquim/.rvm/gems/ruby-2.2.1@global/bin:/Users/andrefurquim/.rvm/rubies/ruby-2.2.1/bin:/usr/local/opt/qt/bin:/Users/andrefurquim/.nvm/versions/node/v6.10.2/bin:/usr/local/bin:/usr/bin:/bin:/usr/sbin:/sbin:/usr/local/go/bin:/Applications/Wireshark.app/Contents/MacOS:/Users/andrefurquim/.rvm/bin:/Users/andrefurquim/.vimpkg/bin
10 verbose lifecycle test-driven-carousel@1.0.0~lint: CWD: /Users/andrefurquim/Desktop/React/test-driven-carousel
11 silly lifecycle test-driven-carousel@1.0.0~lint: Args: [ '-c', 'npm run linst:js && npm run linst:css' ]
12 silly lifecycle test-driven-carousel@1.0.0~lint: Returned: code: 1  signal: null
13 info lifecycle test-driven-carousel@1.0.0~lint: Failed to exec lint script
14 verbose stack Error: test-driven-carousel@1.0.0 lint: `npm run linst:js && npm run linst:css`
14 verbose stack Exit status 1
14 verbose stack     at EventEmitter.<anonymous> (/Users/andrefurquim/.nvm/versions/node/v6.10.2/lib/node_modules/npm/lib/utils/lifecycle.js:255:16)
14 verbose stack     at emitTwo (events.js:106:13)
14 verbose stack     at EventEmitter.emit (events.js:191:7)
14 verbose stack     at ChildProcess.<anonymous> (/Users/andrefurquim/.nvm/versions/node/v6.10.2/lib/node_modules/npm/lib/utils/spawn.js:40:14)
14 verbose stack     at emitTwo (events.js:106:13)
14 verbose stack     at ChildProcess.emit (events.js:191:7)
14 verbose stack     at maybeClose (internal/child_process.js:886:16)
14 verbose stack     at Process.ChildProcess._handle.onexit (internal/child_process.js:226:5)
15 verbose pkgid test-driven-carousel@1.0.0
16 verbose cwd /Users/andrefurquim/Desktop/React/test-driven-carousel
17 error Darwin 19.0.0
18 error argv "/Users/andrefurquim/.nvm/versions/node/v6.10.2/bin/node" "/Users/andrefurquim/.nvm/versions/node/v6.10.2/bin/npm" "run" "lint"
19 error node v6.10.2
20 error npm  v3.10.10
21 error code ELIFECYCLE
22 error test-driven-carousel@1.0.0 lint: `npm run linst:js && npm run linst:css`
22 error Exit status 1
23 error Failed at the test-driven-carousel@1.0.0 lint script 'npm run linst:js && npm run linst:css'.
23 error Make sure you have the latest version of node.js and npm installed.
23 error If you do, this is most likely a problem with the test-driven-carousel package,
23 error not with npm itself.
23 error Tell the author that this fails on your system:
23 error     npm run linst:js && npm run linst:css
23 error You can get information on how to open an issue for this project with:
23 error     npm bugs test-driven-carousel
23 error Or if that isn't available, you can get their info via:
23 error     npm owner ls test-driven-carousel
23 error There is likely additional logging output above.
24 verbose exit [ 1, true ]
